  stdafx.cpp
  Camera.cpp
  Mesh.cpp
  Model3D.cpp
i:\project opengl\opengl_4_application_vs2015\opengl_4_application_vs2015\model3d.cpp(32): warning C4018: '<': signed/unsigned mismatch
i:\project opengl\opengl_4_application_vs2015\opengl_4_application_vs2015\model3d.cpp(73): warning C4018: '<': signed/unsigned mismatch
i:\project opengl\opengl_4_application_vs2015\opengl_4_application_vs2015\model3d.cpp(154): warning C4018: '<': signed/unsigned mismatch
  OpenGL_4_Application_VS2015.cpp
i:\project opengl\opengl_4_application_vs2015\opengl_4_application_vs2015\opengl_4_application_vs2015.cpp(124): warning C4244: 'initializing': conversion from 'double' to 'float', possible loss of data
i:\project opengl\opengl_4_application_vs2015\opengl_4_application_vs2015\opengl_4_application_vs2015.cpp(125): warning C4244: 'initializing': conversion from 'double' to 'float', possible loss of data
i:\project opengl\opengl_4_application_vs2015\opengl_4_application_vs2015\opengl_4_application_vs2015.cpp(227): warning C4305: '+=': truncation from 'double' to 'float'
i:\project opengl\opengl_4_application_vs2015\opengl_4_application_vs2015\opengl_4_application_vs2015.cpp(230): warning C4305: '+=': truncation from 'double' to 'float'
i:\project opengl\opengl_4_application_vs2015\opengl_4_application_vs2015\opengl_4_application_vs2015.cpp(234): warning C4305: '-=': truncation from 'double' to 'float'
i:\project opengl\opengl_4_application_vs2015\opengl_4_application_vs2015\opengl_4_application_vs2015.cpp(288): warning C4305: 'argument': truncation from 'double' to 'GLclampf'
i:\project opengl\opengl_4_application_vs2015\opengl_4_application_vs2015\opengl_4_application_vs2015.cpp(396): warning C4305: '+=': truncation from 'double' to 'float'
i:\project opengl\opengl_4_application_vs2015\opengl_4_application_vs2015\opengl_4_application_vs2015.cpp(407): warning C4305: '-=': truncation from 'double' to 'float'
  Shader.cpp
  SkyBox.cpp
  stb_image.c
LINK : warning LNK4098: defaultlib 'LIBCMT' conflicts with use of other libs; use /NODEFAULTLIB:library
  Generating code
  2014 of 2014 functions (100.0%) were compiled, the rest were copied from previous compilation.
    167 functions were new in current compilation
    0 functions had inline decision re-evaluated but remain unchanged
  Finished generating code
Mesh.obj : warning LNK4049: locally defined symbol ___glewGenBuffers imported
Mesh.obj : warning LNK4049: locally defined symbol ___glewGenVertexArrays imported
Mesh.obj : warning LNK4049: locally defined symbol ___glewActiveTexture imported
Mesh.obj : warning LNK4049: locally defined symbol ___glewBufferData imported
Mesh.obj : warning LNK4049: locally defined symbol ___glewGetUniformLocation imported
Mesh.obj : warning LNK4049: locally defined symbol ___glewUniform1i imported
Mesh.obj : warning LNK4049: locally defined symbol ___glewBindBuffer imported
Mesh.obj : warning LNK4049: locally defined symbol ___glewVertexAttribPointer imported
Mesh.obj : warning LNK4049: locally defined symbol ___glewBindVertexArray imported
Mesh.obj : warning LNK4049: locally defined symbol ___glewEnableVertexAttribArray imported
Model3D.obj : warning LNK4049: locally defined symbol ___glewGenerateMipmap imported
Shader.obj : warning LNK4049: locally defined symbol ___glewLinkProgram imported
Shader.obj : warning LNK4049: locally defined symbol ___glewDeleteShader imported
Shader.obj : warning LNK4049: locally defined symbol ___glewGetProgramInfoLog imported
Shader.obj : warning LNK4049: locally defined symbol ___glewShaderSource imported
Shader.obj : warning LNK4049: locally defined symbol ___glewAttachShader imported
Shader.obj : warning LNK4049: locally defined symbol ___glewGetProgramiv imported
Shader.obj : warning LNK4049: locally defined symbol ___glewGetShaderInfoLog imported
Shader.obj : warning LNK4049: locally defined symbol ___glewCreateProgram imported
Shader.obj : warning LNK4049: locally defined symbol ___glewCreateShader imported
Shader.obj : warning LNK4049: locally defined symbol ___glewCompileShader imported
Shader.obj : warning LNK4049: locally defined symbol ___glewGetShaderiv imported
Shader.obj : warning LNK4049: locally defined symbol ___glewUseProgram imported
SkyBox.obj : warning LNK4049: locally defined symbol ___glewUniformMatrix4fv imported
glew32s.lib(glew.obj) : warning LNK4099: PDB 'vc120.pdb' was not found with 'glew32s.lib(glew.obj)' or at 'I:\Project OpenGL\OpenGL_4_Application_VS2015\Release\vc120.pdb'; linking object as if no debug info
  OpenGL_4_Application_VS2015.vcxproj -> I:\Project OpenGL\OpenGL_4_Application_VS2015\Release\OpenGL_4_Application_VS2015.exe
